[2016-09-22 10:34:46] START
[2018-04-21 11:51:30] EDIT Disquejoy/views/default/index.html: 0
[2018-04-21 11:51:43] EDIT Disquejoy/views/default/index.html: 1
[2018-04-21 11:51:52] EDIT Disquejoy/views/default/index.html: -1
[2018-04-21 15:40:09] EDIT Disquejoy/controllers/api.py: -1
[2018-04-21 15:40:36] EDIT Disquejoy/controllers/api.py: 1
[2018-04-21 15:40:50] EDIT Disquejoy/views/api/index.html: 1
[2018-04-21 15:41:00] EDIT Disquejoy/views/api/index.html: 0
[2018-04-21 15:41:07] EDIT Disquejoy/views/api/index.html: -1
[2018-04-21 15:41:13] EDIT Disquejoy/views/api/index.html: 1
[2018-04-21 15:41:53] EDIT Disquejoy/views/api/index.html: 2
[2018-04-21 15:41:55] EDIT Disquejoy/views/api/index.html: 0
[2018-04-21 15:42:02] EDIT Disquejoy/views/api/index.html: -3
[2018-04-21 15:42:09] EDIT Disquejoy/views/api/index.html: 3
[2018-04-21 15:42:23] EDIT Disquejoy/controllers/api.py: 0
[2018-04-21 15:42:41] EDIT Disquejoy/controllers/api.py: 0
[2018-04-21 15:42:59] EDIT Disquejoy/views/api/index.html: 0
[2018-04-21 15:43:01] EDIT Disquejoy/views/api/index.html: 0
[2018-04-21 15:43:03] EDIT Disquejoy/views/api/index.html: 0
[2018-04-21 15:44:03] EDIT Disquejoy/controllers/api.py: 0
[2018-04-21 15:44:09] EDIT Disquejoy/views/api/index.html: 0
[2018-04-21 15:44:22] EDIT Disquejoy/views/api/index.html: 1
[2018-04-21 15:44:25] EDIT Disquejoy/views/api/index.html: 0
[2018-04-21 15:44:39] EDIT Disquejoy/views/api/index.html: 0
[2018-04-21 15:45:50] EDIT Disquejoy/controllers/api.py: 1
[2018-04-21 15:46:09] EDIT Disquejoy/controllers/api.py: 0
[2018-04-21 15:46:13] EDIT Disquejoy/controllers/api.py: 0
[2018-04-21 17:28:24] EDIT Disquejoy/views/api/index.html: -1
[2018-04-21 17:29:01] EDIT Disquejoy/controllers/api.py: 0
[2018-04-21 17:54:51] EDIT Disquejoy/views/api/index.html: 1
[2018-04-21 17:55:18] EDIT Disquejoy/views/api/index.html: 0
[2018-04-21 17:55:38] EDIT Disquejoy/views/api/index.html: 0
[2018-04-21 17:56:31] EDIT Disquejoy/controllers/api.py: 2
[2018-04-21 18:01:50] EDIT Disquejoy/controllers/api.py: 0
[2018-04-21 18:02:39] EDIT Disquejoy/views/api/index.html: -3
[2018-04-21 18:02:59] EDIT Disquejoy/views/api/index.html: 1
[2018-04-21 18:07:35] EDIT Disquejoy/controllers/api.py: 0
